Removed Pin From Net: NetName=VCC Pin=D1-3
Removed Pin From Net: NetName=VCC Pin=D1-8
Removed Pin From Net: NetName=VCC Pin=D2-3
Removed Pin From Net: NetName=VCC Pin=D2-8
Removed Pin From Net: NetName=VCC Pin=D3-3
Removed Pin From Net: NetName=VCC Pin=D3-8
Change Component Footprint: Designator=P2 Old Footprint=PIN1 New Footprint=pad
Change Component Comment : Designator=R1 Old Comment=Res1 New Comment=75R
Added Component: Designator=R2(AXIAL-0.3)
Added Component: Designator=R3(AXIAL-0.3)
Added Component: Designator=R4(AXIAL-0.3)
Added Pin To Net: NetName=VCC Pin=R3-2
Added Pin To Net: NetName=VCC Pin=R4-2
Added Pin To Net: NetName=NetD1_8 Pin=D1-8
Added Pin To Net: NetName=NetD1_8 Pin=R2-1
Added Net: Name=NetD1_8
Added Pin To Net: NetName=NetD2_8 Pin=D2-8
Added Pin To Net: NetName=NetD2_8 Pin=R3-1
Added Net: Name=NetD2_8
Added Pin To Net: NetName=NetD3_8 Pin=D3-8
Added Pin To Net: NetName=NetD3_8 Pin=R4-1
Added Net: Name=NetD3_8
Added Member To Class: ClassName=timer Member=Component R2 330R
Added Member To Class: ClassName=timer Member=Component R3 330R
Added Member To Class: ClassName=timer Member=Component R4 330R
Added Room: Name=timer
