Added Component: Designator=C1(RAD-0.3)
Added Component: Designator=C2(RAD-0.3)
Added Component: Designator=C3(RAD-0.3)
Added Component: Designator=C4(RAD-0.3)
Added Component: Designator=C5(RAD-0.3)
Added Component: Designator=D1(Seven segment display)
Added Component: Designator=D2(Seven segment display)
Added Component: Designator=D3(Seven segment display)
Added Component: Designator=LS1(ABSM-1574)
Added Component: Designator=P1(HDR1X2)
Added Component: Designator=P2(PIN1)
Added Component: Designator=R1(AXIAL-0.3)
Added Component: Designator=R2(AXIAL-0.3)
Added Component: Designator=R3(AXIAL-0.3)
Added Component: Designator=R4(AXIAL-0.3)
Added Component: Designator=R5(AXIAL-0.3)
Added Component: Designator=R6(AXIAL-0.3)
Added Component: Designator=R7(AXIAL-0.3)
Added Component: Designator=R8(AXIAL-0.3)
Added Component: Designator=R9(AXIAL-0.3)
Added Component: Designator=R10(AXIAL-0.3)
Added Component: Designator=R11(AXIAL-0.3)
Added Component: Designator=R12(AXIAL-0.3)
Added Component: Designator=R13(AXIAL-0.3)
Added Component: Designator=R14(AXIAL-0.3)
Added Component: Designator=R15(AXIAL-0.3)
Added Component: Designator=R16(AXIAL-0.3)
Added Component: Designator=R17(AXIAL-0.3)
Added Component: Designator=R18(AXIAL-0.3)
Added Component: Designator=R19(AXIAL-0.3)
Added Component: Designator=R20(AXIAL-0.3)
Added Component: Designator=R21(AXIAL-0.3)
Added Component: Designator=R22(AXIAL-0.3)
Added Component: Designator=S1(Pushbutton)
Added Component: Designator=S2(Pushbutton)
Added Component: Designator=S3(Pushbutton)
Added Component: Designator=S4(Pushbutton)
Added Component: Designator=S5(Pushbutton)
Added Component: Designator=U1(TO220ABN)
Added Component: Designator=U2(648-08)
Added Component: Designator=U3(STM32_Breakout_board)
Added Component: Designator=U4(648-08)
Added Component: Designator=U5(648-08)
Added Pin To Net: NetName=GND Pin=C1-1
Added Pin To Net: NetName=VCC Pin=C1-2
Added Pin To Net: NetName=GND Pin=C2-1
Added Pin To Net: NetName=12V Pin=C2-2
Added Pin To Net: NetName=VCC Pin=C3-1
Added Pin To Net: NetName=BTN1 Pin=C3-2
Added Pin To Net: NetName=VCC Pin=C4-1
Added Pin To Net: NetName=BTN2 Pin=C4-2
Added Pin To Net: NetName=VCC Pin=C5-1
Added Pin To Net: NetName=BTN3 Pin=C5-2
Added Pin To Net: NetName=E1 Pin=D1-1
Added Pin To Net: NetName=D1 Pin=D1-2
Added Pin To Net: NetName=VCC Pin=D1-3
Added Pin To Net: NetName=C1 Pin=D1-4
Added Pin To Net: NetName=B1 Pin=D1-6
Added Pin To Net: NetName=A1 Pin=D1-7
Added Pin To Net: NetName=VCC Pin=D1-8
Added Pin To Net: NetName=F1 Pin=D1-9
Added Pin To Net: NetName=G1 Pin=D1-10
Added Pin To Net: NetName=E2 Pin=D2-1
Added Pin To Net: NetName=D2 Pin=D2-2
Added Pin To Net: NetName=VCC Pin=D2-3
Added Pin To Net: NetName=C2 Pin=D2-4
Added Pin To Net: NetName=B2 Pin=D2-6
Added Pin To Net: NetName=A2 Pin=D2-7
Added Pin To Net: NetName=VCC Pin=D2-8
Added Pin To Net: NetName=F2 Pin=D2-9
Added Pin To Net: NetName=G2 Pin=D2-10
Added Pin To Net: NetName=E3 Pin=D3-1
Added Pin To Net: NetName=D3 Pin=D3-2
Added Pin To Net: NetName=VCC Pin=D3-3
Added Pin To Net: NetName=C3 Pin=D3-4
Added Pin To Net: NetName=VCC Pin=D3-5
Added Pin To Net: NetName=B3 Pin=D3-6
Added Pin To Net: NetName=A3 Pin=D3-7
Added Pin To Net: NetName=VCC Pin=D3-8
Added Pin To Net: NetName=F3 Pin=D3-9
Added Pin To Net: NetName=G3 Pin=D3-10
Added Pin To Net: NetName=BUZZER Pin=LS1-1A
Added Pin To Net: NetName=BUZZER Pin=LS1-1
Added Pin To Net: NetName=NetLS1_2 Pin=LS1-2A
Added Pin To Net: NetName=NetLS1_2 Pin=LS1-2
Added Pin To Net: NetName=GND Pin=P1-1
Added Pin To Net: NetName=12V Pin=P1-2
Added Pin To Net: NetName=RELAY Pin=P2-1
Added Pin To Net: NetName=NetLS1_2 Pin=R1-1
Added Pin To Net: NetName=GND Pin=R1-2
Added Pin To Net: NetName=NetR2_1 Pin=R2-1
Added Pin To Net: NetName=A1 Pin=R2-2
Added Pin To Net: NetName=NetR3_1 Pin=R3-1
Added Pin To Net: NetName=B1 Pin=R3-2
Added Pin To Net: NetName=NetR4_1 Pin=R4-1
Added Pin To Net: NetName=C1 Pin=R4-2
Added Pin To Net: NetName=NetR5_1 Pin=R5-1
Added Pin To Net: NetName=D1 Pin=R5-2
Added Pin To Net: NetName=NetR6_1 Pin=R6-1
Added Pin To Net: NetName=E1 Pin=R6-2
Added Pin To Net: NetName=NetR7_1 Pin=R7-1
Added Pin To Net: NetName=F1 Pin=R7-2
Added Pin To Net: NetName=NetR8_1 Pin=R8-1
Added Pin To Net: NetName=G1 Pin=R8-2
Added Pin To Net: NetName=NetR9_1 Pin=R9-1
Added Pin To Net: NetName=A2 Pin=R9-2
Added Pin To Net: NetName=NetR10_1 Pin=R10-1
Added Pin To Net: NetName=B2 Pin=R10-2
Added Pin To Net: NetName=NetR11_1 Pin=R11-1
Added Pin To Net: NetName=C2 Pin=R11-2
Added Pin To Net: NetName=NetR12_1 Pin=R12-1
Added Pin To Net: NetName=D2 Pin=R12-2
Added Pin To Net: NetName=NetR13_1 Pin=R13-1
Added Pin To Net: NetName=E2 Pin=R13-2
Added Pin To Net: NetName=NetR14_1 Pin=R14-1
Added Pin To Net: NetName=F2 Pin=R14-2
Added Pin To Net: NetName=NetR15_1 Pin=R15-1
Added Pin To Net: NetName=G2 Pin=R15-2
Added Pin To Net: NetName=NetR16_1 Pin=R16-1
Added Pin To Net: NetName=A3 Pin=R16-2
Added Pin To Net: NetName=NetR17_1 Pin=R17-1
Added Pin To Net: NetName=B3 Pin=R17-2
Added Pin To Net: NetName=NetR18_1 Pin=R18-1
Added Pin To Net: NetName=C3 Pin=R18-2
Added Pin To Net: NetName=NetR19_1 Pin=R19-1
Added Pin To Net: NetName=D3 Pin=R19-2
Added Pin To Net: NetName=NetR20_1 Pin=R20-1
Added Pin To Net: NetName=E3 Pin=R20-2
Added Pin To Net: NetName=NetR21_1 Pin=R21-1
Added Pin To Net: NetName=F3 Pin=R21-2
Added Pin To Net: NetName=NetR22_1 Pin=R22-1
Added Pin To Net: NetName=G3 Pin=R22-2
Added Pin To Net: NetName=VCC Pin=S1-1
Added Pin To Net: NetName=VCC Pin=S1-2
Added Pin To Net: NetName=BTN1 Pin=S1-3
Added Pin To Net: NetName=BTN1 Pin=S1-4
Added Pin To Net: NetName=VCC Pin=S2-1
Added Pin To Net: NetName=VCC Pin=S2-2
Added Pin To Net: NetName=BTN2 Pin=S2-3
Added Pin To Net: NetName=BTN2 Pin=S2-4
Added Pin To Net: NetName=VCC Pin=S3-1
Added Pin To Net: NetName=VCC Pin=S3-2
Added Pin To Net: NetName=BTN3 Pin=S3-3
Added Pin To Net: NetName=BTN3 Pin=S3-4
Added Pin To Net: NetName=VCC Pin=S4-1
Added Pin To Net: NetName=VCC Pin=S4-2
Added Pin To Net: NetName=BTN_START Pin=S4-3
Added Pin To Net: NetName=BTN_START Pin=S4-4
Added Pin To Net: NetName=VCC Pin=S5-1
Added Pin To Net: NetName=VCC Pin=S5-2
Added Pin To Net: NetName=RESTART Pin=S5-3
Added Pin To Net: NetName=RESTART Pin=S5-4
Added Pin To Net: NetName=12V Pin=U1-1
Added Pin To Net: NetName=VCC Pin=U1-2
Added Pin To Net: NetName=GND Pin=U1-3
Added Pin To Net: NetName=BCD1_B Pin=U2-1
Added Pin To Net: NetName=BCD1_C Pin=U2-2
Added Pin To Net: NetName=DISPLAY_RESET Pin=U2-4
Added Pin To Net: NetName=BCD1_D Pin=U2-6
Added Pin To Net: NetName=BCD1_A Pin=U2-7
Added Pin To Net: NetName=GND Pin=U2-8
Added Pin To Net: NetName=NetR6_1 Pin=U2-9
Added Pin To Net: NetName=NetR5_1 Pin=U2-10
Added Pin To Net: NetName=NetR4_1 Pin=U2-11
Added Pin To Net: NetName=NetR3_1 Pin=U2-12
Added Pin To Net: NetName=NetR2_1 Pin=U2-13
Added Pin To Net: NetName=NetR8_1 Pin=U2-14
Added Pin To Net: NetName=NetR7_1 Pin=U2-15
Added Pin To Net: NetName=VCC Pin=U2-16
Added Pin To Net: NetName=BCD1_A Pin=U3-5
Added Pin To Net: NetName=BCD1_B Pin=U3-6
Added Pin To Net: NetName=BCD1_C Pin=U3-7
Added Pin To Net: NetName=BCD1_D Pin=U3-8
Added Pin To Net: NetName=BCD2_A Pin=U3-11
Added Pin To Net: NetName=BCD2_B Pin=U3-12
Added Pin To Net: NetName=BCD2_C Pin=U3-13
Added Pin To Net: NetName=BCD2_D Pin=U3-14
Added Pin To Net: NetName=BUZZER Pin=U3-15
Added Pin To Net: NetName=DISPLAY_RESET Pin=U3-16
Added Pin To Net: NetName=VCC Pin=U3-18
Added Pin To Net: NetName=GND Pin=U3-19
Added Pin To Net: NetName=RESTART Pin=U3-24
Added Pin To Net: NetName=RELAY Pin=U3-27
Added Pin To Net: NetName=BCD3_D Pin=U3-29
Added Pin To Net: NetName=BCD3_C Pin=U3-30
Added Pin To Net: NetName=BCD3_B Pin=U3-31
Added Pin To Net: NetName=BCD3_A Pin=U3-32
Added Pin To Net: NetName=BTN_START Pin=U3-33
Added Pin To Net: NetName=BTN3 Pin=U3-34
Added Pin To Net: NetName=BTN2 Pin=U3-35
Added Pin To Net: NetName=BTN1 Pin=U3-36
Added Pin To Net: NetName=BCD2_B Pin=U4-1
Added Pin To Net: NetName=BCD2_C Pin=U4-2
Added Pin To Net: NetName=DISPLAY_RESET Pin=U4-4
Added Pin To Net: NetName=BCD2_D Pin=U4-6
Added Pin To Net: NetName=BCD2_A Pin=U4-7
Added Pin To Net: NetName=GND Pin=U4-8
Added Pin To Net: NetName=NetR13_1 Pin=U4-9
Added Pin To Net: NetName=NetR12_1 Pin=U4-10
Added Pin To Net: NetName=NetR11_1 Pin=U4-11
Added Pin To Net: NetName=NetR10_1 Pin=U4-12
Added Pin To Net: NetName=NetR9_1 Pin=U4-13
Added Pin To Net: NetName=NetR15_1 Pin=U4-14
Added Pin To Net: NetName=NetR14_1 Pin=U4-15
Added Pin To Net: NetName=VCC Pin=U4-16
Added Pin To Net: NetName=BCD3_B Pin=U5-1
Added Pin To Net: NetName=BCD3_C Pin=U5-2
Added Pin To Net: NetName=DISPLAY_RESET Pin=U5-4
Added Pin To Net: NetName=BCD3_D Pin=U5-6
Added Pin To Net: NetName=BCD3_A Pin=U5-7
Added Pin To Net: NetName=GND Pin=U5-8
Added Pin To Net: NetName=NetR20_1 Pin=U5-9
Added Pin To Net: NetName=NetR19_1 Pin=U5-10
Added Pin To Net: NetName=NetR18_1 Pin=U5-11
Added Pin To Net: NetName=NetR17_1 Pin=U5-12
Added Pin To Net: NetName=NetR16_1 Pin=U5-13
Added Pin To Net: NetName=NetR22_1 Pin=U5-14
Added Pin To Net: NetName=NetR21_1 Pin=U5-15
Added Pin To Net: NetName=VCC Pin=U5-16
Added Member To Class: ClassName=timer Member=Component C1 Cap
Added Member To Class: ClassName=timer Member=Component C2 Cap
Added Member To Class: ClassName=timer Member=Component C3 Cap
Added Member To Class: ClassName=timer Member=Component C4 Cap
Added Member To Class: ClassName=timer Member=Component C5 Cap
Added Member To Class: ClassName=timer Member=Component D1 7_seg_disp
Added Member To Class: ClassName=timer Member=Component D2 7_seg_disp
Added Member To Class: ClassName=timer Member=Component D3 7_seg_disp
Added Member To Class: ClassName=timer Member=Component LS1 Buzzer
Added Member To Class: ClassName=timer Member=Component P1 Header 2
Added Member To Class: ClassName=timer Member=Component P2 Plug
Added Member To Class: ClassName=timer Member=Component R1 Res1
Added Member To Class: ClassName=timer Member=Component R2 Res1
Added Member To Class: ClassName=timer Member=Component R3 Res1
Added Member To Class: ClassName=timer Member=Component R4 Res1
Added Member To Class: ClassName=timer Member=Component R5 Res1
Added Member To Class: ClassName=timer Member=Component R6 Res1
Added Member To Class: ClassName=timer Member=Component R7 Res1
Added Member To Class: ClassName=timer Member=Component R8 Res1
Added Member To Class: ClassName=timer Member=Component R9 Res1
Added Member To Class: ClassName=timer Member=Component R10 Res1
Added Member To Class: ClassName=timer Member=Component R11 Res1
Added Member To Class: ClassName=timer Member=Component R12 Res1
Added Member To Class: ClassName=timer Member=Component R13 Res1
Added Member To Class: ClassName=timer Member=Component R14 Res1
Added Member To Class: ClassName=timer Member=Component R15 Res1
Added Member To Class: ClassName=timer Member=Component R16 Res1
Added Member To Class: ClassName=timer Member=Component R17 Res1
Added Member To Class: ClassName=timer Member=Component R18 Res1
Added Member To Class: ClassName=timer Member=Component R19 Res1
Added Member To Class: ClassName=timer Member=Component R20 Res1
Added Member To Class: ClassName=timer Member=Component R21 Res1
Added Member To Class: ClassName=timer Member=Component R22 Res1
Added Member To Class: ClassName=timer Member=Component S1 FSM2JSMLS
Added Member To Class: ClassName=timer Member=Component S2 FSM2JSMLS
Added Member To Class: ClassName=timer Member=Component S3 FSM2JSMLS
Added Member To Class: ClassName=timer Member=Component S4 FSM2JSMLS
Added Member To Class: ClassName=timer Member=Component S5 FSM2JSMLS
Added Member To Class: ClassName=timer Member=Component U1 L7805CV
Added Member To Class: ClassName=timer Member=Component U2 SN74LS47N
Added Member To Class: ClassName=timer Member=Component U3 STM32F103 breakout board
Added Member To Class: ClassName=timer Member=Component U4 SN74LS47N
Added Member To Class: ClassName=timer Member=Component U5 SN74LS47N
Added Room: Name=timer
