Removed Pin From Net: NetName=A1 Pin=R2-2
Removed Pin From Net: NetName=B1 Pin=R3-2
Removed Pin From Net: NetName=C1 Pin=R4-2
Removed Pin From Net: NetName=D1 Pin=R5-2
Removed Pin From Net: NetName=E1 Pin=R6-2
Removed Pin From Net: NetName=F1 Pin=R7-2
Removed Pin From Net: NetName=G1 Pin=R8-2
Removed Pin From Net: NetName=A2 Pin=R9-2
Removed Pin From Net: NetName=B2 Pin=R10-2
Removed Pin From Net: NetName=C2 Pin=R11-2
Removed Pin From Net: NetName=D2 Pin=R12-2
Removed Pin From Net: NetName=E2 Pin=R13-2
Removed Pin From Net: NetName=F2 Pin=R14-2
Removed Pin From Net: NetName=G2 Pin=R15-2
Removed Pin From Net: NetName=A3 Pin=R16-2
Removed Pin From Net: NetName=B3 Pin=R17-2
Removed Pin From Net: NetName=C3 Pin=R18-2
Removed Pin From Net: NetName=D3 Pin=R19-2
Removed Pin From Net: NetName=E3 Pin=R20-2
Removed Pin From Net: NetName=F3 Pin=R21-2
Removed Pin From Net: NetName=G3 Pin=R22-2
Removed Member From Class: ClassName=timer Member=R2
Removed Member From Class: ClassName=timer Member=R3
Removed Member From Class: ClassName=timer Member=R4
Removed Member From Class: ClassName=timer Member=R5
Removed Member From Class: ClassName=timer Member=R6
Removed Member From Class: ClassName=timer Member=R7
Removed Member From Class: ClassName=timer Member=R8
Removed Member From Class: ClassName=timer Member=R9
Removed Member From Class: ClassName=timer Member=R10
Removed Member From Class: ClassName=timer Member=R11
Removed Member From Class: ClassName=timer Member=R12
Removed Member From Class: ClassName=timer Member=R13
Removed Member From Class: ClassName=timer Member=R14
Removed Member From Class: ClassName=timer Member=R15
Removed Member From Class: ClassName=timer Member=R16
Removed Member From Class: ClassName=timer Member=R17
Removed Member From Class: ClassName=timer Member=R18
Removed Member From Class: ClassName=timer Member=R19
Removed Member From Class: ClassName=timer Member=R20
Removed Member From Class: ClassName=timer Member=R21
Removed Member From Class: ClassName=timer Member=R22
Added Pin To Net: NetName=E1 Pin=U2-9
Added Pin To Net: NetName=D1 Pin=U2-10
Added Pin To Net: NetName=C1 Pin=U2-11
Added Pin To Net: NetName=B1 Pin=U2-12
Added Pin To Net: NetName=A1 Pin=U2-13
Added Pin To Net: NetName=G1 Pin=U2-14
Added Pin To Net: NetName=F1 Pin=U2-15
Added Pin To Net: NetName=E2 Pin=U4-9
Added Pin To Net: NetName=D2 Pin=U4-10
Added Pin To Net: NetName=C2 Pin=U4-11
Added Pin To Net: NetName=B2 Pin=U4-12
Added Pin To Net: NetName=A2 Pin=U4-13
Added Pin To Net: NetName=G2 Pin=U4-14
Added Pin To Net: NetName=F2 Pin=U4-15
Added Pin To Net: NetName=E3 Pin=U5-9
Added Pin To Net: NetName=D3 Pin=U5-10
Added Pin To Net: NetName=C3 Pin=U5-11
Added Pin To Net: NetName=B3 Pin=U5-12
Added Pin To Net: NetName=A3 Pin=U5-13
Added Pin To Net: NetName=G3 Pin=U5-14
Added Pin To Net: NetName=F3 Pin=U5-15
Added Room: Name=timer
