Replace Part C1 Cap in C:\Users\Gergo\Documents\GitHub\tanyigergo.github.io\7segment_timer_circuit\timer.SchDoc with Cap from Miscellaneous Devices.IntLib
Replace Part C2 Cap in C:\Users\Gergo\Documents\GitHub\tanyigergo.github.io\7segment_timer_circuit\timer.SchDoc with Cap from Miscellaneous Devices.IntLib
Replace Part C3 Cap in C:\Users\Gergo\Documents\GitHub\tanyigergo.github.io\7segment_timer_circuit\timer.SchDoc with Cap from Miscellaneous Devices.IntLib
Replace Part C4 Cap in C:\Users\Gergo\Documents\GitHub\tanyigergo.github.io\7segment_timer_circuit\timer.SchDoc with Cap from Miscellaneous Devices.IntLib
Replace Part C5 Cap in C:\Users\Gergo\Documents\GitHub\tanyigergo.github.io\7segment_timer_circuit\timer.SchDoc with Cap from Miscellaneous Devices.IntLib
Replace Part D1 7_seg_disp in C:\Users\Gergo\Documents\GitHub\tanyigergo.github.io\7segment_timer_circuit\timer.SchDoc with 7_seg_disp from mySchematics.SchLib
Replace Part D2 7_seg_disp in C:\Users\Gergo\Documents\GitHub\tanyigergo.github.io\7segment_timer_circuit\timer.SchDoc with 7_seg_disp from mySchematics.SchLib
Replace Part D3 7_seg_disp in C:\Users\Gergo\Documents\GitHub\tanyigergo.github.io\7segment_timer_circuit\timer.SchDoc with 7_seg_disp from mySchematics.SchLib
Replace Part LS1 Buzzer in C:\Users\Gergo\Documents\GitHub\tanyigergo.github.io\7segment_timer_circuit\timer.SchDoc with Buzzer from Miscellaneous Devices.IntLib
Replace Part P1 Header 2 in C:\Users\Gergo\Documents\GitHub\tanyigergo.github.io\7segment_timer_circuit\timer.SchDoc with Header 2 from Miscellaneous Connectors.IntLib
Replace Part P2 Plug in C:\Users\Gergo\Documents\GitHub\tanyigergo.github.io\7segment_timer_circuit\timer.SchDoc with Plug from Miscellaneous Connectors.IntLib
Replace Part R1 Res1 in C:\Users\Gergo\Documents\GitHub\tanyigergo.github.io\7segment_timer_circuit\timer.SchDoc with Res1 from Miscellaneous Devices.IntLib
Replace Part R2 Res1 in C:\Users\Gergo\Documents\GitHub\tanyigergo.github.io\7segment_timer_circuit\timer.SchDoc with Res1 from Miscellaneous Devices.IntLib
Replace Part R3 Res1 in C:\Users\Gergo\Documents\GitHub\tanyigergo.github.io\7segment_timer_circuit\timer.SchDoc with Res1 from Miscellaneous Devices.IntLib
Replace Part R4 Res1 in C:\Users\Gergo\Documents\GitHub\tanyigergo.github.io\7segment_timer_circuit\timer.SchDoc with Res1 from Miscellaneous Devices.IntLib
Replace Part R5 Res1 in C:\Users\Gergo\Documents\GitHub\tanyigergo.github.io\7segment_timer_circuit\timer.SchDoc with Res1 from Miscellaneous Devices.IntLib
Replace Part R6 Res1 in C:\Users\Gergo\Documents\GitHub\tanyigergo.github.io\7segment_timer_circuit\timer.SchDoc with Res1 from Miscellaneous Devices.IntLib
Replace Part R7 Res1 in C:\Users\Gergo\Documents\GitHub\tanyigergo.github.io\7segment_timer_circuit\timer.SchDoc with Res1 from Miscellaneous Devices.IntLib
Replace Part R8 Res1 in C:\Users\Gergo\Documents\GitHub\tanyigergo.github.io\7segment_timer_circuit\timer.SchDoc with Res1 from Miscellaneous Devices.IntLib
Replace Part R9 Res1 in C:\Users\Gergo\Documents\GitHub\tanyigergo.github.io\7segment_timer_circuit\timer.SchDoc with Res1 from Miscellaneous Devices.IntLib
Replace Part R10 Res1 in C:\Users\Gergo\Documents\GitHub\tanyigergo.github.io\7segment_timer_circuit\timer.SchDoc with Res1 from Miscellaneous Devices.IntLib
Replace Part R11 Res1 in C:\Users\Gergo\Documents\GitHub\tanyigergo.github.io\7segment_timer_circuit\timer.SchDoc with Res1 from Miscellaneous Devices.IntLib
Replace Part R12 Res1 in C:\Users\Gergo\Documents\GitHub\tanyigergo.github.io\7segment_timer_circuit\timer.SchDoc with Res1 from Miscellaneous Devices.IntLib
Replace Part R13 Res1 in C:\Users\Gergo\Documents\GitHub\tanyigergo.github.io\7segment_timer_circuit\timer.SchDoc with Res1 from Miscellaneous Devices.IntLib
Replace Part R14 Res1 in C:\Users\Gergo\Documents\GitHub\tanyigergo.github.io\7segment_timer_circuit\timer.SchDoc with Res1 from Miscellaneous Devices.IntLib
Replace Part R15 Res1 in C:\Users\Gergo\Documents\GitHub\tanyigergo.github.io\7segment_timer_circuit\timer.SchDoc with Res1 from Miscellaneous Devices.IntLib
Replace Part R16 Res1 in C:\Users\Gergo\Documents\GitHub\tanyigergo.github.io\7segment_timer_circuit\timer.SchDoc with Res1 from Miscellaneous Devices.IntLib
Replace Part R17 Res1 in C:\Users\Gergo\Documents\GitHub\tanyigergo.github.io\7segment_timer_circuit\timer.SchDoc with Res1 from Miscellaneous Devices.IntLib
Replace Part R18 Res1 in C:\Users\Gergo\Documents\GitHub\tanyigergo.github.io\7segment_timer_circuit\timer.SchDoc with Res1 from Miscellaneous Devices.IntLib
Replace Part R19 Res1 in C:\Users\Gergo\Documents\GitHub\tanyigergo.github.io\7segment_timer_circuit\timer.SchDoc with Res1 from Miscellaneous Devices.IntLib
Replace Part R20 Res1 in C:\Users\Gergo\Documents\GitHub\tanyigergo.github.io\7segment_timer_circuit\timer.SchDoc with Res1 from Miscellaneous Devices.IntLib
Replace Part R21 Res1 in C:\Users\Gergo\Documents\GitHub\tanyigergo.github.io\7segment_timer_circuit\timer.SchDoc with Res1 from Miscellaneous Devices.IntLib
Replace Part R22 Res1 in C:\Users\Gergo\Documents\GitHub\tanyigergo.github.io\7segment_timer_circuit\timer.SchDoc with Res1 from Miscellaneous Devices.IntLib
Replace Part S1 Tactile switch in C:\Users\Gergo\Documents\GitHub\tanyigergo.github.io\7segment_timer_circuit\timer.SchDoc with Tactile switch from mySchematics.SchLib
Replace Part S2 Tactile switch in C:\Users\Gergo\Documents\GitHub\tanyigergo.github.io\7segment_timer_circuit\timer.SchDoc with Tactile switch from mySchematics.SchLib
Replace Part S3 Tactile switch in C:\Users\Gergo\Documents\GitHub\tanyigergo.github.io\7segment_timer_circuit\timer.SchDoc with Tactile switch from mySchematics.SchLib
Replace Part S4 Tactile switch in C:\Users\Gergo\Documents\GitHub\tanyigergo.github.io\7segment_timer_circuit\timer.SchDoc with Tactile switch from mySchematics.SchLib
Replace Part S5 Tactile switch in C:\Users\Gergo\Documents\GitHub\tanyigergo.github.io\7segment_timer_circuit\timer.SchDoc with Tactile switch from mySchematics.SchLib
Replace Part U1 L7805CV in C:\Users\Gergo\Documents\GitHub\tanyigergo.github.io\7segment_timer_circuit\timer.SchDoc with L7805CV from ST Power Mgt Voltage Regulator.IntLib
Replace Part U2 SN74LS47N in C:\Users\Gergo\Documents\GitHub\tanyigergo.github.io\7segment_timer_circuit\timer.SchDoc with SN74LS47N from ON Semi Logic Decoder Demux.IntLib
Replace Part U3 STM32F103 breakout board in C:\Users\Gergo\Documents\GitHub\tanyigergo.github.io\7segment_timer_circuit\timer.SchDoc with STM32F103 breakout board from mySchematics.SchLib
Replace Part U4 SN74LS47N in C:\Users\Gergo\Documents\GitHub\tanyigergo.github.io\7segment_timer_circuit\timer.SchDoc with SN74LS47N from ON Semi Logic Decoder Demux.IntLib
Replace Part U5 SN74LS47N in C:\Users\Gergo\Documents\GitHub\tanyigergo.github.io\7segment_timer_circuit\timer.SchDoc with SN74LS47N from ON Semi Logic Decoder Demux.IntLib
