Removed Pin From Net: NetName=VCC Pin=C3-1
Removed Pin From Net: NetName=BTN1 Pin=C3-2
Removed Pin From Net: NetName=VCC Pin=C4-1
Removed Pin From Net: NetName=BTN2 Pin=C4-2
Removed Pin From Net: NetName=VCC Pin=C5-1
Removed Pin From Net: NetName=BTN3 Pin=C5-2
Change Component Footprint: Designator=C2 Old Footprint=RAD-0.3 New Footprint=cap 5mm
Change Component Footprint: Designator=C1 Old Footprint=RAD-0.3 New Footprint=cap 100mil
Change Component Footprint: Designator=C3 Old Footprint=RAD-0.3 New Footprint=cap 100mil
Change Component Footprint: Designator=C4 Old Footprint=RAD-0.3 New Footprint=cap 100mil
Change Component Footprint: Designator=C5 Old Footprint=RAD-0.3 New Footprint=cap 100mil
Change Component Footprint: Designator=S1 Old Footprint=Switch New Footprint=Pushbutton
Change Component Footprint: Designator=S2 Old Footprint=Switch New Footprint=Pushbutton
Change Component Footprint: Designator=S3 Old Footprint=Switch New Footprint=Pushbutton
Change Component Footprint: Designator=S4 Old Footprint=Switch New Footprint=Pushbutton
Change Component Footprint: Designator=S5 Old Footprint=Switch New Footprint=Pushbutton
Change Component Comment : Designator=C1 Old Comment=Cap New Comment=100n
Change Component Comment : Designator=C3 Old Comment=Cap New Comment=100n
Change Component Comment : Designator=C4 Old Comment=Cap New Comment=100n
Change Component Comment : Designator=C5 Old Comment=Cap New Comment=100n
Added Pin To Net: NetName=BTN1 Pin=C3-1
Added Pin To Net: NetName=VCC Pin=C3-2
Added Pin To Net: NetName=BTN2 Pin=C4-1
Added Pin To Net: NetName=VCC Pin=C4-2
Added Pin To Net: NetName=BTN3 Pin=C5-1
Added Pin To Net: NetName=VCC Pin=C5-2
